<?xml version="1.0" encoding="UTF-8"?>
<testsuite name="ContainerTest" tests="1" skipped="0" failures="0" errors="0" timestamp="2021-03-22T15:11:46" hostname="KRISTOFPC" time="0.007">
  <properties/>
  <testcase name="simpleTest" classname="ContainerTest" time="0.007"/>
  <system-out><![CDATA[]]></system-out>
  <system-err><![CDATA[]]></system-err>
</testsuite>
